[0m22:38:00.818428 [debug] [MainThread]: Sending event: {'category': 'dbt', 'action': 'invocation', 'label': 'start', 'context': [<snowplow_tracker.self_describing_json.SelfDescribingJson object at 0x0000019A57E89580>, <snowplow_tracker.self_describing_json.SelfDescribingJson object at 0x0000019A5A91E8B0>, <snowplow_tracker.self_describing_json.SelfDescribingJson object at 0x0000019A5A91E610>]}


============================== 22:38:00.824947 | 295bb1c3-de54-4b10-b5dd-946dc8f580f3 ==============================
[0m22:38:00.824947 [info ] [MainThread]: Running with dbt=1.8.2
[0m22:38:00.824947 [debug] [MainThread]: running dbt with arguments {'printer_width': '80', 'indirect_selection': 'eager', 'log_cache_events': 'False', 'write_json': 'True', 'partial_parse': 'True', 'cache_selected_only': 'False', 'warn_error': 'None', 'fail_fast': 'False', 'version_check': 'True', 'log_path': 'logs', 'debug': 'False', 'profiles_dir': 'C:\\Users\\ASUS\\.dbt', 'use_colors': 'True', 'use_experimental_parser': 'False', 'no_print': 'None', 'quiet': 'False', 'log_format': 'default', 'static_parser': 'True', 'warn_error_options': 'WarnErrorOptions(include=[], exclude=[])', 'invocation_command': 'dbt init', 'target_path': 'None', 'introspect': 'True', 'send_anonymous_usage_stats': 'True'}
[0m22:38:39.313738 [debug] [MainThread]: Starter project path: d:\digital skola (de)\dbt_project\.venv\lib\site-packages\dbt\include\starter_project
[0m22:38:39.493516 [info ] [MainThread]: 
Your new dbt project "dbt_project" was created!

For more information on how to configure the profiles.yml file,
please consult the dbt documentation here:

  https://docs.getdbt.com/docs/configure-your-profile

One more thing:

Need help? Don't hesitate to reach out to us via GitHub issues or on Slack:

  https://community.getdbt.com/

Happy modeling!

[0m22:38:39.493516 [info ] [MainThread]: Setting up your profile.
[0m22:41:25.205742 [info ] [MainThread]: Profile dbt_project written to C:\Users\ASUS\.dbt\profiles.yml using target's profile_template.yml and your supplied values. Run 'dbt debug' to validate the connection.
[0m22:41:25.257864 [debug] [MainThread]: Command `dbt init` succeeded at 22:41:25.250871 after 204.54 seconds
[0m22:41:25.274403 [debug] [MainThread]: Sending event: {'category': 'dbt', 'action': 'invocation', 'label': 'end', 'context': [<snowplow_tracker.self_describing_json.SelfDescribingJson object at 0x0000019A57E89580>, <snowplow_tracker.self_describing_json.SelfDescribingJson object at 0x0000019A5A8D3250>, <snowplow_tracker.self_describing_json.SelfDescribingJson object at 0x0000019A5A966F40>]}
[0m22:41:25.278882 [debug] [MainThread]: Flushing usage events
[0m22:42:16.970442 [debug] [MainThread]: Sending event: {'category': 'dbt', 'action': 'invocation', 'label': 'start', 'context': [<snowplow_tracker.self_describing_json.SelfDescribingJson object at 0x00000194517595B0>, <snowplow_tracker.self_describing_json.SelfDescribingJson object at 0x00000194541EE7F0>, <snowplow_tracker.self_describing_json.SelfDescribingJson object at 0x00000194541EE610>]}


============================== 22:42:16.979937 | 4ddf111a-5d82-44fb-95bf-0176247530e8 ==============================
[0m22:42:16.979937 [info ] [MainThread]: Running with dbt=1.8.2
[0m22:42:16.979937 [debug] [MainThread]: running dbt with arguments {'printer_width': '80', 'indirect_selection': 'eager', 'write_json': 'True', 'log_cache_events': 'False', 'partial_parse': 'True', 'cache_selected_only': 'False', 'warn_error': 'None', 'version_check': 'True', 'fail_fast': 'False', 'log_path': 'logs', 'debug': 'False', 'profiles_dir': 'C:\\Users\\ASUS\\.dbt', 'use_colors': 'True', 'use_experimental_parser': 'False', 'no_print': 'None', 'quiet': 'False', 'log_format': 'default', 'invocation_command': 'dbt debug', 'introspect': 'True', 'static_parser': 'True', 'target_path': 'None', 'warn_error_options': 'WarnErrorOptions(include=[], exclude=[])', 'send_anonymous_usage_stats': 'True'}
[0m22:42:17.026716 [info ] [MainThread]: dbt version: 1.8.2
[0m22:42:17.027732 [info ] [MainThread]: python version: 3.9.6
[0m22:42:17.029318 [info ] [MainThread]: python path: d:\digital skola (de)\dbt_project\.venv\scripts\python.exe
[0m22:42:17.030474 [info ] [MainThread]: os info: Windows-10-10.0.22621-SP0
[0m22:42:17.151874 [info ] [MainThread]: Using profiles dir at C:\Users\ASUS\.dbt
[0m22:42:17.152877 [info ] [MainThread]: Using profiles.yml file at C:\Users\ASUS\.dbt\profiles.yml
[0m22:42:17.154284 [info ] [MainThread]: Using dbt_project.yml file at D:\DIGITAL SKOLA (DE)\dbt_project\dbt_project.yml
[0m22:42:17.156389 [info ] [MainThread]: adapter type: postgres
[0m22:42:17.156389 [info ] [MainThread]: adapter version: 1.8.1
[0m22:42:17.158680 [info ] [MainThread]: Configuration:
[0m22:42:17.159340 [info ] [MainThread]:   profiles.yml file [[32mOK found and valid[0m]
[0m22:42:17.161103 [info ] [MainThread]:   dbt_project.yml file [[31mERROR not found[0m]
[0m22:42:17.161973 [info ] [MainThread]: Required dependencies:
[0m22:42:17.161973 [debug] [MainThread]: Executing "git --help"
[0m22:42:17.232468 [debug] [MainThread]: STDOUT: "b"usage: git [-v | --version] [-h | --help] [-C <path>] [-c <name>=<value>]\n           [--exec-path[=<path>]] [--html-path] [--man-path] [--info-path]\n           [-p | --paginate | -P | --no-pager] [--no-replace-objects] [--bare]\n           [--git-dir=<path>] [--work-tree=<path>] [--namespace=<name>]\n           [--super-prefix=<path>] [--config-env=<name>=<envvar>]\n           <command> [<args>]\n\nThese are common Git commands used in various situations:\n\nstart a working area (see also: git help tutorial)\n   clone     Clone a repository into a new directory\n   init      Create an empty Git repository or reinitialize an existing one\n\nwork on the current change (see also: git help everyday)\n   add       Add file contents to the index\n   mv        Move or rename a file, a directory, or a symlink\n   restore   Restore working tree files\n   rm        Remove files from the working tree and from the index\n\nexamine the history and state (see also: git help revisions)\n   bisect    Use binary search to find the commit that introduced a bug\n   diff      Show changes between commits, commit and working tree, etc\n   grep      Print lines matching a pattern\n   log       Show commit logs\n   show      Show various types of objects\n   status    Show the working tree status\n\ngrow, mark and tweak your common history\n   branch    List, create, or delete branches\n   commit    Record changes to the repository\n   merge     Join two or more development histories together\n   rebase    Reapply commits on top of another base tip\n   reset     Reset current HEAD to the specified state\n   switch    Switch branches\n   tag       Create, list, delete or verify a tag object signed with GPG\n\ncollaborate (see also: git help workflows)\n   fetch     Download objects and refs from another repository\n   pull      Fetch from and integrate with another repository or a local branch\n   push      Update remote refs along with associated objects\n\n'git help -a' and 'git help -g' list available subcommands and some\nconcept guides. See 'git help <command>' or 'git help <concept>'\nto read about a specific subcommand or concept.\nSee 'git help git' for an overview of the system.\n""
[0m22:42:17.234141 [debug] [MainThread]: STDERR: "b''"
[0m22:42:17.234141 [info ] [MainThread]:  - git [[32mOK found[0m]

[0m22:42:17.234141 [info ] [MainThread]: Connection:
[0m22:42:17.236397 [info ] [MainThread]:   host: localhost
[0m22:42:17.236397 [info ] [MainThread]:   port: 5432
[0m22:42:17.236397 [info ] [MainThread]:   user: postgres
[0m22:42:17.238086 [info ] [MainThread]:   database: postgres
[0m22:42:17.238591 [info ] [MainThread]:   schema: public
[0m22:42:17.238591 [info ] [MainThread]:   connect_timeout: 10
[0m22:42:17.238591 [info ] [MainThread]:   role: None
[0m22:42:17.240684 [info ] [MainThread]:   search_path: None
[0m22:42:17.242693 [info ] [MainThread]:   keepalives_idle: 0
[0m22:42:17.244692 [info ] [MainThread]:   sslmode: None
[0m22:42:17.244692 [info ] [MainThread]:   sslcert: None
[0m22:42:17.247078 [info ] [MainThread]:   sslkey: None
[0m22:42:17.248564 [info ] [MainThread]:   sslrootcert: None
[0m22:42:17.250608 [info ] [MainThread]:   application_name: dbt
[0m22:42:17.251625 [info ] [MainThread]:   retries: 1
[0m22:42:17.252596 [info ] [MainThread]: Registered adapter: postgres=1.8.1
[0m22:42:17.254581 [debug] [MainThread]: Acquiring new postgres connection 'debug'
[0m22:42:20.400907 [debug] [MainThread]: Using postgres connection "debug"
[0m22:42:20.401431 [debug] [MainThread]: On debug: select 1 as id
[0m22:42:20.401431 [debug] [MainThread]: Opening a new connection, currently in state init
[0m22:42:20.483975 [debug] [MainThread]: SQL status: SELECT 1 in 0.0 seconds
[0m22:42:20.485546 [debug] [MainThread]: On debug: Close
[0m22:42:20.486580 [info ] [MainThread]:   Connection test: [[32mOK connection ok[0m]

[0m22:42:20.488775 [info ] [MainThread]: [31m1 check failed:[0m
[0m22:42:20.489817 [info ] [MainThread]: Project loading failed for the following reason:
 project path <D:\DIGITAL SKOLA (DE)\dbt_project\dbt_project.yml> not found

[0m22:42:20.491625 [debug] [MainThread]: Command `dbt debug` failed at 22:42:20.491625 after 3.73 seconds
[0m22:42:20.491625 [debug] [MainThread]: Connection 'debug' was properly closed.
[0m22:42:20.494067 [debug] [MainThread]: Sending event: {'category': 'dbt', 'action': 'invocation', 'label': 'end', 'context': [<snowplow_tracker.self_describing_json.SelfDescribingJson object at 0x00000194517595B0>, <snowplow_tracker.self_describing_json.SelfDescribingJson object at 0x0000019451630AC0>, <snowplow_tracker.self_describing_json.SelfDescribingJson object at 0x00000194516532B0>]}
[0m22:42:20.494579 [debug] [MainThread]: Flushing usage events
[0m22:23:58.912973 [debug] [MainThread]: Sending event: {'category': 'dbt', 'action': 'invocation', 'label': 'start', 'context': [<snowplow_tracker.self_describing_json.SelfDescribingJson object at 0x000001FF15AC9670>, <snowplow_tracker.self_describing_json.SelfDescribingJson object at 0x000001FF1855D730>, <snowplow_tracker.self_describing_json.SelfDescribingJson object at 0x000001FF1855D520>]}


============================== 22:23:58.922831 | 3392ae4b-f975-4ff1-8c74-ba5db3711ad1 ==============================
[0m22:23:58.922831 [info ] [MainThread]: Running with dbt=1.8.2
[0m22:23:58.923996 [debug] [MainThread]: running dbt with arguments {'printer_width': '80', 'indirect_selection': 'eager', 'log_cache_events': 'False', 'write_json': 'True', 'partial_parse': 'True', 'cache_selected_only': 'False', 'profiles_dir': 'C:\\Users\\ASUS\\.dbt', 'debug': 'False', 'version_check': 'True', 'log_path': 'logs', 'fail_fast': 'False', 'warn_error': 'None', 'use_colors': 'True', 'use_experimental_parser': 'False', 'no_print': 'None', 'quiet': 'False', 'warn_error_options': 'WarnErrorOptions(include=[], exclude=[])', 'static_parser': 'True', 'introspect': 'True', 'log_format': 'default', 'target_path': 'None', 'invocation_command': 'dbt init', 'send_anonymous_usage_stats': 'True'}
[0m22:26:33.644673 [debug] [MainThread]: Starter project path: d:\digital skola (de)\dbt_project\.venv\lib\site-packages\dbt\include\starter_project
[0m22:26:33.798506 [info ] [MainThread]: 
Your new dbt project "dbt_workfile" was created!

For more information on how to configure the profiles.yml file,
please consult the dbt documentation here:

  https://docs.getdbt.com/docs/configure-your-profile

One more thing:

Need help? Don't hesitate to reach out to us via GitHub issues or on Slack:

  https://community.getdbt.com/

Happy modeling!

[0m22:26:33.802438 [info ] [MainThread]: Setting up your profile.
[0m22:27:25.321901 [info ] [MainThread]: Profile dbt_workfile written to C:\Users\ASUS\.dbt\profiles.yml using target's profile_template.yml and your supplied values. Run 'dbt debug' to validate the connection.
[0m22:27:25.341041 [debug] [MainThread]: Command `dbt init` succeeded at 22:27:25.339044 after 206.53 seconds
[0m22:27:25.353022 [debug] [MainThread]: Sending event: {'category': 'dbt', 'action': 'invocation', 'label': 'end', 'context': [<snowplow_tracker.self_describing_json.SelfDescribingJson object at 0x000001FF15AC9670>, <snowplow_tracker.self_describing_json.SelfDescribingJson object at 0x000001FF1853F3D0>, <snowplow_tracker.self_describing_json.SelfDescribingJson object at 0x000001FF18531AF0>]}
[0m22:27:25.361240 [debug] [MainThread]: Flushing usage events
[0m22:27:46.084164 [debug] [MainThread]: Sending event: {'category': 'dbt', 'action': 'invocation', 'label': 'start', 'context': [<snowplow_tracker.self_describing_json.SelfDescribingJson object at 0x0000020D65AF9640>, <snowplow_tracker.self_describing_json.SelfDescribingJson object at 0x0000020D6858F850>, <snowplow_tracker.self_describing_json.SelfDescribingJson object at 0x0000020D6858F640>]}


============================== 22:27:46.091108 | bdf26ebd-daf4-453f-af00-4c348a166bd0 ==============================
[0m22:27:46.091108 [info ] [MainThread]: Running with dbt=1.8.2
[0m22:27:46.091108 [debug] [MainThread]: running dbt with arguments {'printer_width': '80', 'indirect_selection': 'eager', 'write_json': 'True', 'log_cache_events': 'False', 'partial_parse': 'True', 'cache_selected_only': 'False', 'warn_error': 'None', 'version_check': 'True', 'debug': 'False', 'log_path': 'logs', 'fail_fast': 'False', 'profiles_dir': 'C:\\Users\\ASUS\\.dbt', 'use_colors': 'True', 'use_experimental_parser': 'False', 'no_print': 'None', 'quiet': 'False', 'log_format': 'default', 'invocation_command': 'dbt debug', 'introspect': 'True', 'warn_error_options': 'WarnErrorOptions(include=[], exclude=[])', 'target_path': 'None', 'static_parser': 'True', 'send_anonymous_usage_stats': 'True'}
[0m22:27:46.130293 [info ] [MainThread]: dbt version: 1.8.2
[0m22:27:46.131297 [info ] [MainThread]: python version: 3.9.6
[0m22:27:46.132651 [info ] [MainThread]: python path: d:\digital skola (de)\dbt_project\.venv\scripts\python.exe
[0m22:27:46.132866 [info ] [MainThread]: os info: Windows-10-10.0.22621-SP0
[0m22:27:46.235266 [info ] [MainThread]: Using profiles dir at C:\Users\ASUS\.dbt
[0m22:27:46.236773 [info ] [MainThread]: Using profiles.yml file at C:\Users\ASUS\.dbt\profiles.yml
[0m22:27:46.236773 [info ] [MainThread]: Using dbt_project.yml file at D:\DIGITAL SKOLA (DE)\dbt_project\dbt_project.yml
[0m22:27:46.237836 [error] [MainThread]: Encountered an error:
Internal Error
  Profile should not be None if loading profile completed
[0m22:27:46.240184 [debug] [MainThread]: Command `dbt debug` failed at 22:27:46.239073 after 0.30 seconds
[0m22:27:46.240694 [debug] [MainThread]: Sending event: {'category': 'dbt', 'action': 'invocation', 'label': 'end', 'context': [<snowplow_tracker.self_describing_json.SelfDescribingJson object at 0x0000020D65AF9640>, <snowplow_tracker.self_describing_json.SelfDescribingJson object at 0x0000020D6858F6A0>, <snowplow_tracker.self_describing_json.SelfDescribingJson object at 0x0000020D659C9AC0>]}
[0m22:27:46.240694 [debug] [MainThread]: Flushing usage events
